<?xml version="1.0" encoding="UTF-8"?>
<!-- Generated by org.testng.reporters.JUnitReportReporter -->
<testsuite skipped="0" hostname="Shivansh-PC" name="testcase.VerifyApplicationHomPageTitle" tests="1" failures="0" timestamp="06 May 2023 15:25:06 GMT" time="11.208" errors="0">
  <testcase name="verifyPageTitle" time="11.208" classname="testcase.VerifyApplicationHomPageTitle"/>
</testsuite> <!-- testcase.VerifyApplicationHomPageTitle -->
