<?xml version="1.0" encoding="UTF-8"?>
<!-- Generated by org.testng.reporters.JUnitReportReporter -->
<testsuite skipped="0" hostname="Shivansh-PC" name="testcase.VerifyCheckboxesAndRadioButtonBydefaultBehavoure" tests="1" failures="0" timestamp="06 May 2023 16:40:02 GMT" time="17.713" errors="0">
  <testcase name="verifyCheckboxesAndRadioButtonBehaviours" time="17.713" classname="testcase.VerifyCheckboxesAndRadioButtonBydefaultBehavoure"/>
</testsuite> <!-- testcase.VerifyCheckboxesAndRadioButtonBydefaultBehavoure -->
