<?xml version="1.0" encoding="UTF-8"?>
<!-- Generated by org.testng.reporters.JUnitReportReporter -->
<testsuite skipped="0" hostname="Admin-PC" name="testcase.VerifyOmayoBlogHomePage" tests="1" failures="0" timestamp="08 May 2023 14:58:24 GMT" time="58.326" errors="0">
  <testcase name="verifyOmayoHomePage" time="58.326" classname="testcase.VerifyOmayoBlogHomePage"/>
</testsuite> <!-- testcase.VerifyOmayoBlogHomePage -->
