<?xml version="1.0" encoding="UTF-8"?>
<!-- Generated by org.testng.reporters.JUnitReportReporter -->
<testsuite skipped="0" hostname="Shivansh-PC" name="testcase.VerifyNewToursRegistration" tests="1" failures="0" timestamp="05 May 2023 16:21:35 GMT" time="17.215" errors="0">
  <testcase name="VerifyRegistartion" time="17.215" classname="testcase.VerifyNewToursRegistration"/>
</testsuite> <!-- testcase.VerifyNewToursRegistration -->
