<?xml version="1.0" encoding="UTF-8"?>
<!-- Generated by org.testng.reporters.JUnitReportReporter -->
<testsuite skipped="0" hostname="Shivansh-PC" name="testcase.VerifyNewToursRegistrationWithExcel" tests="1" failures="0" timestamp="05 May 2023 16:45:59 GMT" time="13.682" errors="0">
  <testcase name="VerifyRegistartion" time="13.682" classname="testcase.VerifyNewToursRegistrationWithExcel"/>
</testsuite> <!-- testcase.VerifyNewToursRegistrationWithExcel -->
